# JRE version: OpenJDK Runtime Environment (11.0.12+7) (build 11.0.12+7-b1504.28-7817840)
# Java VM: OpenJDK 64-Bit Server VM (11.0.12+7-b1504.28-7817840, mixed mode, tiered, compressed oops, g1 gc, windows-amd64)
Heap:
 garbage-first heap   total 516096K, used 230956K [0x0000000080000000, 0x0000000100000000)
  region size 1024K, 3 young (3072K), 3 survivors (3072K)
 Metaspace       used 100671K, capacity 103008K, committed 103168K, reserved 1138688K
  class space    used 13149K, capacity 14008K, committed 14080K, reserved 1048576K
GC Heap History (20 events):
Event: 40.825 GC heap after
{Heap after GC invocations=40 (full 0):
 garbage-first heap   total 189440K, used 152058K [0x0000000080000000, 0x0000000100000000)
  region size 1024K, 2 young (2048K), 2 survivors (2048K)
 Metaspace       used 96215K, capacity 98452K, committed 98560K, reserved 1134592K
  class space    used 12419K, capacity 13222K, committed 13312K, reserved 1048576K
}
Event: 40.856 GC heap before
{Heap before GC invocations=40 (full 0):
 garbage-first heap   total 189440K, used 154106K [0x0000000080000000, 0x0000000100000000)
  region size 1024K, 5 young (5120K), 2 survivors (2048K)
 Metaspace       used 96215K, capacity 98452K, committed 98560K, reserved 1134592K
  class space    used 12419K, capacity 13222K, committed 13312K, reserved 1048576K
}
Event: 40.873 GC heap after
{Heap after GC invocations=41 (full 0):
 garbage-first heap   total 189440K, used 153710K [0x0000000080000000, 0x0000000100000000)
  region size 1024K, 2 young (2048K), 2 survivors (2048K)
 Metaspace       used 96215K, capacity 98452K, committed 98560K, reserved 1134592K
  class space    used 12419K, capacity 13222K, committed 13312K, reserved 1048576K
}
Event: 41.363 GC heap before
{Heap before GC invocations=42 (full 0):
 garbage-first heap   total 189440K, used 160878K [0x0000000080000000, 0x0000000100000000)
  region size 1024K, 9 young (9216K), 2 survivors (2048K)
 Metaspace       used 96216K, capacity 98452K, committed 98560K, reserved 1134592K
  class space    used 12419K, capacity 13222K, committed 13312K, reserved 1048576K
}
Event: 41.387 GC heap after
{Heap after GC invocations=43 (full 0):
 garbage-first heap   total 227328K, used 157651K [0x0000000080000000, 0x0000000100000000)
  region size 1024K, 2 young (2048K), 2 survivors (2048K)
 Metaspace       used 96216K, capacity 98452K, committed 98560K, reserved 1134592K
  class space    used 12419K, capacity 13222K, committed 13312K, reserved 1048576K
}
Event: 42.354 GC heap before
{Heap before GC invocations=43 (full 0):
 garbage-first heap   total 227328K, used 177107K [0x0000000080000000, 0x0000000100000000)
  region size 1024K, 21 young (21504K), 2 survivors (2048K)
 Metaspace       used 98303K, capacity 100622K, committed 100864K, reserved 1136640K
  class space    used 12868K, capacity 13721K, committed 13824K, reserved 1048576K
}
Event: 42.383 GC heap after
{Heap after GC invocations=44 (full 0):
 garbage-first heap   total 227328K, used 164091K [0x0000000080000000, 0x0000000100000000)
  region size 1024K, 3 young (3072K), 3 survivors (3072K)
 Metaspace       used 98303K, capacity 100622K, committed 100864K, reserved 1136640K
  class space    used 12868K, capacity 13721K, committed 13824K, reserved 1048576K
}
Event: 43.002 GC heap before
{Heap before GC invocations=45 (full 0):
 garbage-first heap   total 227328K, used 181499K [0x0000000080000000, 0x0000000100000000)
  region size 1024K, 20 young (20480K), 3 survivors (3072K)
 Metaspace       used 98618K, capacity 100940K, committed 101120K, reserved 1136640K
  class space    used 12889K, capacity 13758K, committed 13824K, reserved 1048576K
}
Event: 43.028 GC heap after
{Heap after GC invocations=46 (full 0):
 garbage-first heap   total 227328K, used 172705K [0x0000000080000000, 0x0000000100000000)
  region size 1024K, 3 young (3072K), 3 survivors (3072K)
 Metaspace       used 98618K, capacity 100940K, committed 101120K, reserved 1136640K
  class space    used 12889K, capacity 13758K, committed 13824K, reserved 1048576K
}
Event: 43.149 GC heap before
{Heap before GC invocations=46 (full 0):
 garbage-first heap   total 227328K, used 187041K [0x0000000080000000, 0x0000000100000000)
  region size 1024K, 17 young (17408K), 3 survivors (3072K)
 Metaspace       used 98631K, capacity 100941K, committed 101120K, reserved 1136640K
  class space    used 12889K, capacity 13758K, committed 13824K, reserved 1048576K
}
Event: 43.167 GC heap after
{Heap after GC invocations=47 (full 0):
 garbage-first heap   total 227328K, used 180050K [0x0000000080000000, 0x0000000100000000)
  region size 1024K, 3 young (3072K), 3 survivors (3072K)
 Metaspace       used 98631K, capacity 100941K, committed 101120K, reserved 1136640K
  class space    used 12889K, capacity 13758K, committed 13824K, reserved 1048576K
}
Event: 43.354 GC heap before
{Heap before GC invocations=47 (full 0):
 garbage-first heap   total 227328K, used 190290K [0x0000000080000000, 0x0000000100000000)
  region size 1024K, 13 young (13312K), 3 survivors (3072K)
 Metaspace       used 98643K, capacity 100944K, committed 101120K, reserved 1136640K
  class space    used 12889K, capacity 13758K, committed 13824K, reserved 1048576K
}
Event: 43.374 GC heap after
{Heap after GC invocations=48 (full 0):
 garbage-first heap   total 295936K, used 185691K [0x0000000080000000, 0x0000000100000000)
  region size 1024K, 2 young (2048K), 2 survivors (2048K)
 Metaspace       used 98643K, capacity 100944K, committed 101120K, reserved 1136640K
  class space    used 12889K, capacity 13758K, committed 13824K, reserved 1048576K
}
Event: 43.921 GC heap before
{Heap before GC invocations=49 (full 0):
 garbage-first heap   total 295936K, used 214363K [0x0000000080000000, 0x0000000100000000)
  region size 1024K, 31 young (31744K), 2 survivors (2048K)
 Metaspace       used 98627K, capacity 100945K, committed 101120K, reserved 1136640K
  class space    used 12874K, capacity 13730K, committed 13824K, reserved 1048576K
}
Event: 43.964 GC heap after
{Heap after GC invocations=50 (full 0):
 garbage-first heap   total 295936K, used 200861K [0x0000000080000000, 0x0000000100000000)
  region size 1024K, 4 young (4096K), 4 survivors (4096K)
 Metaspace       used 98627K, capacity 100945K, committed 101120K, reserved 1136640K
  class space    used 12874K, capacity 13730K, committed 13824K, reserved 1048576K
}
Event: 44.187 GC heap before
{Heap before GC invocations=50 (full 0):
 garbage-first heap   total 295936K, used 226461K [0x0000000080000000, 0x0000000100000000)
  region size 1024K, 29 young (29696K), 4 survivors (4096K)
 Metaspace       used 98630K, capacity 100945K, committed 101120K, reserved 1136640K
  class space    used 12874K, capacity 13730K, committed 13824K, reserved 1048576K
}
Event: 44.244 GC heap after
{Heap after GC invocations=51 (full 0):
 garbage-first heap   total 295936K, used 214564K [0x0000000080000000, 0x0000000100000000)
  region size 1024K, 4 young (4096K), 4 survivors (4096K)
 Metaspace       used 98630K, capacity 100945K, committed 101120K, reserved 1136640K
  class space    used 12874K, capacity 13730K, committed 13824K, reserved 1048576K
}
Event: 45.247 GC heap before
{Heap before GC invocations=52 (full 0):
 garbage-first heap   total 295936K, used 235044K [0x0000000080000000, 0x0000000100000000)
  region size 1024K, 25 young (25600K), 4 survivors (4096K)
 Metaspace       used 98627K, capacity 100939K, committed 101120K, reserved 1136640K
  class space    used 12873K, capacity 13728K, committed 13824K, reserved 1048576K
}
Event: 45.276 GC heap after
{Heap after GC invocations=53 (full 0):
 garbage-first heap   total 295936K, used 226202K [0x0000000080000000, 0x0000000100000000)
  region size 1024K, 4 young (4096K), 4 survivors (4096K)
 Metaspace       used 98627K, capacity 100939K, committed 101120K, reserved 1136640K
  class space    used 12873K, capacity 13728K, committed 13824K, reserved 1048576K
}
Event: 46.148 GC heap before
{Heap before GC invocations=53 (full 0):
 garbage-first heap   total 295936K, used 242586K [0x0000000080000000, 0x0000000100000000)
  region size 1024K, 21 young (21504K), 4 survivors (4096K)
 Metaspace       used 100671K, capacity 103008K, committed 103168K, reserved 1138688K
  class space    used 13149K, capacity 14008K, committed 14080K, reserved 1048576K
}

