# JRE version: OpenJDK Runtime Environment (11.0.12+7) (build 11.0.12+7-b1504.28-7817840)
# Java VM: OpenJDK 64-Bit Server VM (11.0.12+7-b1504.28-7817840, mixed mode, tiered, compressed oops, g1 gc, windows-amd64)
Heap:
 garbage-first heap   total 675840K, used 239059K [0x0000000080000000, 0x0000000100000000)
  region size 1024K, 5 young (5120K), 5 survivors (5120K)
 Metaspace       used 101371K, capacity 103749K, committed 103800K, reserved 1138688K
  class space    used 13246K, capacity 14159K, committed 14200K, reserved 1048576K
GC Heap History (20 events):
Event: 48.915 GC heap after
{Heap after GC invocations=48 (full 0):
 garbage-first heap   total 157696K, used 149772K [0x0000000080000000, 0x0000000100000000)
  region size 1024K, 1 young (1024K), 1 survivors (1024K)
 Metaspace       used 96785K, capacity 98945K, committed 99192K, reserved 1134592K
  class space    used 12494K, capacity 13311K, committed 13432K, reserved 1048576K
}
Event: 49.173 GC heap before
{Heap before GC invocations=48 (full 0):
 garbage-first heap   total 157696K, used 154892K [0x0000000080000000, 0x0000000100000000)
  region size 1024K, 7 young (7168K), 1 survivors (1024K)
 Metaspace       used 96786K, capacity 98945K, committed 99192K, reserved 1134592K
  class space    used 12494K, capacity 13311K, committed 13432K, reserved 1048576K
}
Event: 49.186 GC heap after
{Heap after GC invocations=49 (full 0):
 garbage-first heap   total 160768K, used 151025K [0x0000000080000000, 0x0000000100000000)
  region size 1024K, 1 young (1024K), 1 survivors (1024K)
 Metaspace       used 96786K, capacity 98945K, committed 99192K, reserved 1134592K
  class space    used 12494K, capacity 13311K, committed 13432K, reserved 1048576K
}
Event: 49.241 GC heap before
{Heap before GC invocations=49 (full 0):
 garbage-first heap   total 160768K, used 154097K [0x0000000080000000, 0x0000000100000000)
  region size 1024K, 6 young (6144K), 1 survivors (1024K)
 Metaspace       used 96786K, capacity 98945K, committed 99192K, reserved 1134592K
  class space    used 12494K, capacity 13311K, committed 13432K, reserved 1048576K
}
Event: 49.253 GC heap after
{Heap after GC invocations=50 (full 0):
 garbage-first heap   total 193536K, used 152893K [0x0000000080000000, 0x0000000100000000)
  region size 1024K, 1 young (1024K), 1 survivors (1024K)
 Metaspace       used 96786K, capacity 98945K, committed 99192K, reserved 1134592K
  class space    used 12494K, capacity 13311K, committed 13432K, reserved 1048576K
}
Event: 49.710 GC heap before
{Heap before GC invocations=50 (full 0):
 garbage-first heap   total 193536K, used 161085K [0x0000000080000000, 0x0000000100000000)
  region size 1024K, 9 young (9216K), 1 survivors (1024K)
 Metaspace       used 96786K, capacity 98945K, committed 99192K, reserved 1134592K
  class space    used 12494K, capacity 13311K, committed 13432K, reserved 1048576K
}
Event: 49.735 GC heap after
{Heap after GC invocations=51 (full 0):
 garbage-first heap   total 193536K, used 157272K [0x0000000080000000, 0x0000000100000000)
  region size 1024K, 2 young (2048K), 2 survivors (2048K)
 Metaspace       used 96786K, capacity 98945K, committed 99192K, reserved 1134592K
  class space    used 12494K, capacity 13311K, committed 13432K, reserved 1048576K
}
Event: 49.868 GC heap before
{Heap before GC invocations=52 (full 0):
 garbage-first heap   total 193536K, used 165464K [0x0000000080000000, 0x0000000100000000)
  region size 1024K, 9 young (9216K), 2 survivors (2048K)
 Metaspace       used 96789K, capacity 98949K, committed 99192K, reserved 1134592K
  class space    used 12494K, capacity 13312K, committed 13432K, reserved 1048576K
}
Event: 49.891 GC heap after
{Heap after GC invocations=53 (full 0):
 garbage-first heap   total 193536K, used 161392K [0x0000000080000000, 0x0000000100000000)
  region size 1024K, 2 young (2048K), 2 survivors (2048K)
 Metaspace       used 96789K, capacity 98949K, committed 99192K, reserved 1134592K
  class space    used 12494K, capacity 13312K, committed 13432K, reserved 1048576K
}
Event: 50.009 GC heap before
{Heap before GC invocations=53 (full 0):
 garbage-first heap   total 193536K, used 167536K [0x0000000080000000, 0x0000000100000000)
  region size 1024K, 9 young (9216K), 2 survivors (2048K)
 Metaspace       used 96789K, capacity 98949K, committed 99192K, reserved 1134592K
  class space    used 12494K, capacity 13312K, committed 13432K, reserved 1048576K
}
Event: 50.026 GC heap after
{Heap after GC invocations=54 (full 0):
 garbage-first heap   total 193536K, used 164805K [0x0000000080000000, 0x0000000100000000)
  region size 1024K, 2 young (2048K), 2 survivors (2048K)
 Metaspace       used 96789K, capacity 98949K, committed 99192K, reserved 1134592K
  class space    used 12494K, capacity 13312K, committed 13432K, reserved 1048576K
}
Event: 50.582 GC heap before
{Heap before GC invocations=54 (full 0):
 garbage-first heap   total 193536K, used 171973K [0x0000000080000000, 0x0000000100000000)
  region size 1024K, 9 young (9216K), 2 survivors (2048K)
 Metaspace       used 98251K, capacity 100507K, committed 100600K, reserved 1136640K
  class space    used 12877K, capacity 13728K, committed 13816K, reserved 1048576K
}
Event: 50.608 GC heap after
{Heap after GC invocations=55 (full 0):
 garbage-first heap   total 337920K, used 166661K [0x0000000080000000, 0x0000000100000000)
  region size 1024K, 2 young (2048K), 2 survivors (2048K)
 Metaspace       used 98251K, capacity 100507K, committed 100600K, reserved 1136640K
  class space    used 12877K, capacity 13728K, committed 13816K, reserved 1048576K
}
Event: 51.848 GC heap before
{Heap before GC invocations=56 (full 0):
 garbage-first heap   total 337920K, used 215813K [0x0000000080000000, 0x0000000100000000)
  region size 1024K, 50 young (51200K), 2 survivors (2048K)
 Metaspace       used 99112K, capacity 101465K, committed 101752K, reserved 1136640K
  class space    used 12949K, capacity 13832K, committed 13944K, reserved 1048576K
}
Event: 51.895 GC heap after
{Heap after GC invocations=57 (full 0):
 garbage-first heap   total 337920K, used 190319K [0x0000000080000000, 0x0000000100000000)
  region size 1024K, 7 young (7168K), 7 survivors (7168K)
 Metaspace       used 99112K, capacity 101465K, committed 101752K, reserved 1136640K
  class space    used 12949K, capacity 13832K, committed 13944K, reserved 1048576K
}
Event: 52.255 GC heap before
{Heap before GC invocations=57 (full 0):
 garbage-first heap   total 337920K, used 233327K [0x0000000080000000, 0x0000000100000000)
  region size 1024K, 49 young (50176K), 7 survivors (7168K)
 Metaspace       used 99139K, capacity 101466K, committed 101752K, reserved 1136640K
  class space    used 12949K, capacity 13832K, committed 13944K, reserved 1048576K
}
Event: 52.320 GC heap after
{Heap after GC invocations=58 (full 0):
 garbage-first heap   total 337920K, used 212991K [0x0000000080000000, 0x0000000100000000)
  region size 1024K, 7 young (7168K), 7 survivors (7168K)
 Metaspace       used 99139K, capacity 101466K, committed 101752K, reserved 1136640K
  class space    used 12949K, capacity 13832K, committed 13944K, reserved 1048576K
}
Event: 53.265 GC heap before
{Heap before GC invocations=59 (full 0):
 garbage-first heap   total 337920K, used 248831K [0x0000000080000000, 0x0000000100000000)
  region size 1024K, 42 young (43008K), 7 survivors (7168K)
 Metaspace       used 99402K, capacity 101758K, committed 102008K, reserved 1136640K
  class space    used 12981K, capacity 13865K, committed 13944K, reserved 1048576K
}
Event: 53.317 GC heap after
{Heap after GC invocations=60 (full 0):
 garbage-first heap   total 337920K, used 231906K [0x0000000080000000, 0x0000000100000000)
  region size 1024K, 6 young (6144K), 6 survivors (6144K)
 Metaspace       used 99402K, capacity 101758K, committed 102008K, reserved 1136640K
  class space    used 12981K, capacity 13865K, committed 13944K, reserved 1048576K
}
Event: 54.672 GC heap before
{Heap before GC invocations=60 (full 0):
 garbage-first heap   total 337920K, used 261602K [0x0000000080000000, 0x0000000100000000)
  region size 1024K, 35 young (35840K), 6 survivors (6144K)
 Metaspace       used 101371K, capacity 103749K, committed 103800K, reserved 1138688K
  class space    used 13246K, capacity 14159K, committed 14200K, reserved 1048576K
}

