# JRE version: OpenJDK Runtime Environment (11.0.12+7) (build 11.0.12+7-b1504.28-7817840)
# Java VM: OpenJDK 64-Bit Server VM (11.0.12+7-b1504.28-7817840, mixed mode, tiered, compressed oops, g1 gc, windows-amd64)
Heap:
 garbage-first heap   total 428032K, used 200984K [0x0000000080000000, 0x0000000100000000)
  region size 1024K, 2 young (2048K), 2 survivors (2048K)
 Metaspace       used 98626K, capacity 100862K, committed 101036K, reserved 1136640K
  class space    used 12903K, capacity 13780K, committed 13824K, reserved 1048576K
GC Heap History (20 events):
Event: 34.343 GC heap after
{Heap after GC invocations=37 (full 0):
 garbage-first heap   total 155648K, used 92773K [0x0000000080000000, 0x0000000100000000)
  region size 1024K, 4 young (4096K), 4 survivors (4096K)
 Metaspace       used 91116K, capacity 93196K, committed 93484K, reserved 1130496K
  class space    used 11784K, capacity 12562K, committed 12672K, reserved 1048576K
}
Event: 34.927 GC heap before
{Heap before GC invocations=38 (full 0):
 garbage-first heap   total 155648K, used 127589K [0x0000000080000000, 0x0000000100000000)
  region size 1024K, 39 young (39936K), 4 survivors (4096K)
 Metaspace       used 92370K, capacity 94452K, committed 94636K, reserved 1130496K
  class space    used 11944K, capacity 12724K, committed 12800K, reserved 1048576K
}
Event: 34.936 GC heap after
{Heap after GC invocations=39 (full 0):
 garbage-first heap   total 155648K, used 93816K [0x0000000080000000, 0x0000000100000000)
  region size 1024K, 3 young (3072K), 3 survivors (3072K)
 Metaspace       used 92370K, capacity 94452K, committed 94636K, reserved 1130496K
  class space    used 11944K, capacity 12724K, committed 12800K, reserved 1048576K
}
Event: 35.280 GC heap before
{Heap before GC invocations=39 (full 0):
 garbage-first heap   total 155648K, used 119416K [0x0000000080000000, 0x0000000100000000)
  region size 1024K, 30 young (30720K), 3 survivors (3072K)
 Metaspace       used 92837K, capacity 94975K, committed 95276K, reserved 1132544K
  class space    used 11972K, capacity 12765K, committed 12928K, reserved 1048576K
}
Event: 35.291 GC heap after
{Heap after GC invocations=40 (full 0):
 garbage-first heap   total 187392K, used 97144K [0x0000000080000000, 0x0000000100000000)
  region size 1024K, 5 young (5120K), 5 survivors (5120K)
 Metaspace       used 92837K, capacity 94975K, committed 95276K, reserved 1132544K
  class space    used 11972K, capacity 12765K, committed 12928K, reserved 1048576K
}
Event: 36.574 GC heap before
{Heap before GC invocations=41 (full 0):
 garbage-first heap   total 187392K, used 128888K [0x0000000080000000, 0x0000000100000000)
  region size 1024K, 26 young (26624K), 5 survivors (5120K)
 Metaspace       used 95944K, capacity 98081K, committed 98220K, reserved 1134592K
  class space    used 12398K, capacity 13188K, committed 13312K, reserved 1048576K
}
Event: 36.596 GC heap after
{Heap after GC invocations=42 (full 0):
 garbage-first heap   total 187392K, used 117574K [0x0000000080000000, 0x0000000100000000)
  region size 1024K, 7 young (7168K), 7 survivors (7168K)
 Metaspace       used 95944K, capacity 98081K, committed 98220K, reserved 1134592K
  class space    used 12398K, capacity 13188K, committed 13312K, reserved 1048576K
}
Event: 36.987 GC heap before
{Heap before GC invocations=43 (full 0):
 garbage-first heap   total 187392K, used 177990K [0x0000000080000000, 0x0000000100000000)
  region size 1024K, 37 young (37888K), 7 survivors (7168K)
 Metaspace       used 96201K, capacity 98327K, committed 98476K, reserved 1134592K
  class space    used 12430K, capacity 13227K, committed 13312K, reserved 1048576K
}
Event: 37.014 GC heap after
{Heap after GC invocations=44 (full 0):
 garbage-first heap   total 197632K, used 141066K [0x0000000080000000, 0x0000000100000000)
  region size 1024K, 5 young (5120K), 5 survivors (5120K)
 Metaspace       used 96201K, capacity 98327K, committed 98476K, reserved 1134592K
  class space    used 12430K, capacity 13227K, committed 13312K, reserved 1048576K
}
Event: 37.413 GC heap before
{Heap before GC invocations=44 (full 0):
 garbage-first heap   total 197632K, used 158474K [0x0000000080000000, 0x0000000100000000)
  region size 1024K, 24 young (24576K), 5 survivors (5120K)
 Metaspace       used 96203K, capacity 98327K, committed 98476K, reserved 1134592K
  class space    used 12430K, capacity 13227K, committed 13312K, reserved 1048576K
}
Event: 37.434 GC heap after
{Heap after GC invocations=45 (full 0):
 garbage-first heap   total 197632K, used 149111K [0x0000000080000000, 0x0000000100000000)
  region size 1024K, 4 young (4096K), 4 survivors (4096K)
 Metaspace       used 96203K, capacity 98327K, committed 98476K, reserved 1134592K
  class space    used 12430K, capacity 13227K, committed 13312K, reserved 1048576K
}
Event: 37.692 GC heap before
{Heap before GC invocations=45 (full 0):
 garbage-first heap   total 197632K, used 165495K [0x0000000080000000, 0x0000000100000000)
  region size 1024K, 19 young (19456K), 4 survivors (4096K)
 Metaspace       used 96203K, capacity 98327K, committed 98476K, reserved 1134592K
  class space    used 12430K, capacity 13227K, committed 13312K, reserved 1048576K
}
Event: 37.729 GC heap after
{Heap after GC invocations=46 (full 0):
 garbage-first heap   total 248832K, used 156964K [0x0000000080000000, 0x0000000100000000)
  region size 1024K, 3 young (3072K), 3 survivors (3072K)
 Metaspace       used 96203K, capacity 98327K, committed 98476K, reserved 1134592K
  class space    used 12430K, capacity 13227K, committed 13312K, reserved 1048576K
}
Event: 38.496 GC heap before
{Heap before GC invocations=47 (full 0):
 garbage-first heap   total 248832K, used 186660K [0x0000000080000000, 0x0000000100000000)
  region size 1024K, 33 young (33792K), 3 survivors (3072K)
 Metaspace       used 98451K, capacity 100719K, committed 100780K, reserved 1136640K
  class space    used 12903K, capacity 13780K, committed 13824K, reserved 1048576K
}
Event: 38.543 GC heap after
{Heap after GC invocations=48 (full 0):
 garbage-first heap   total 248832K, used 168960K [0x0000000080000000, 0x0000000100000000)
  region size 1024K, 5 young (5120K), 5 survivors (5120K)
 Metaspace       used 98451K, capacity 100719K, committed 100780K, reserved 1136640K
  class space    used 12903K, capacity 13780K, committed 13824K, reserved 1048576K
}
Event: 38.705 GC heap before
{Heap before GC invocations=48 (full 0):
 garbage-first heap   total 248832K, used 195584K [0x0000000080000000, 0x0000000100000000)
  region size 1024K, 31 young (31744K), 5 survivors (5120K)
 Metaspace       used 98564K, capacity 100858K, committed 101036K, reserved 1136640K
  class space    used 12903K, capacity 13780K, committed 13824K, reserved 1048576K
}
Event: 38.749 GC heap after
{Heap after GC invocations=49 (full 0):
 garbage-first heap   total 248832K, used 182922K [0x0000000080000000, 0x0000000100000000)
  region size 1024K, 4 young (4096K), 4 survivors (4096K)
 Metaspace       used 98564K, capacity 100858K, committed 101036K, reserved 1136640K
  class space    used 12903K, capacity 13780K, committed 13824K, reserved 1048576K
}
Event: 39.142 GC heap before
{Heap before GC invocations=49 (full 0):
 garbage-first heap   total 248832K, used 202378K [0x0000000080000000, 0x0000000100000000)
  region size 1024K, 23 young (23552K), 4 survivors (4096K)
 Metaspace       used 98584K, capacity 100862K, committed 101036K, reserved 1136640K
  class space    used 12903K, capacity 13780K, committed 13824K, reserved 1048576K
}
Event: 39.173 GC heap after
{Heap after GC invocations=50 (full 0):
 garbage-first heap   total 248832K, used 193452K [0x0000000080000000, 0x0000000100000000)
  region size 1024K, 3 young (3072K), 3 survivors (3072K)
 Metaspace       used 98584K, capacity 100862K, committed 101036K, reserved 1136640K
  class space    used 12903K, capacity 13780K, committed 13824K, reserved 1048576K
}
Event: 39.379 GC heap before
{Heap before GC invocations=50 (full 0):
 garbage-first heap   total 248832K, used 206764K [0x0000000080000000, 0x0000000100000000)
  region size 1024K, 16 young (16384K), 3 survivors (3072K)
 Metaspace       used 98626K, capacity 100862K, committed 101036K, reserved 1136640K
  class space    used 12903K, capacity 13780K, committed 13824K, reserved 1048576K
}

