# JRE version: OpenJDK Runtime Environment (11.0.12+7) (build 11.0.12+7-b1504.28-7817840)
# Java VM: OpenJDK 64-Bit Server VM (11.0.12+7-b1504.28-7817840, mixed mode, tiered, compressed oops, g1 gc, windows-amd64)
Heap:
 garbage-first heap   total 129024K, used 35671K [0x0000000080000000, 0x0000000100000000)
  region size 1024K, 20 young (20480K), 3 survivors (3072K)
 Metaspace       used 27745K, capacity 28400K, committed 28544K, reserved 1073152K
  class space    used 3639K, capacity 3889K, committed 3968K, reserved 1048576K
GC Heap History (8 events):
Event: 3.305 GC heap before
{Heap before GC invocations=0 (full 0):
 garbage-first heap   total 129024K, used 29696K [0x0000000080000000, 0x0000000100000000)
  region size 1024K, 24 young (24576K), 0 survivors (0K)
 Metaspace       used 9864K, capacity 10118K, committed 10368K, reserved 1058816K
  class space    used 1027K, capacity 1102K, committed 1152K, reserved 1048576K
}
Event: 3.367 GC heap after
{Heap after GC invocations=1 (full 0):
 garbage-first heap   total 129024K, used 9441K [0x0000000080000000, 0x0000000100000000)
  region size 1024K, 3 young (3072K), 3 survivors (3072K)
 Metaspace       used 9864K, capacity 10118K, committed 10368K, reserved 1058816K
  class space    used 1027K, capacity 1102K, committed 1152K, reserved 1048576K
}
Event: 12.118 GC heap before
{Heap before GC invocations=1 (full 0):
 garbage-first heap   total 129024K, used 83169K [0x0000000080000000, 0x0000000100000000)
  region size 1024K, 75 young (76800K), 3 survivors (3072K)
 Metaspace       used 17675K, capacity 18035K, committed 18176K, reserved 1064960K
  class space    used 2083K, capacity 2209K, committed 2304K, reserved 1048576K
}
Event: 12.135 GC heap after
{Heap after GC invocations=2 (full 0):
 garbage-first heap   total 129024K, used 16240K [0x0000000080000000, 0x0000000100000000)
  region size 1024K, 10 young (10240K), 10 survivors (10240K)
 Metaspace       used 17675K, capacity 18035K, committed 18176K, reserved 1064960K
  class space    used 2083K, capacity 2209K, committed 2304K, reserved 1048576K
}
Event: 13.717 GC heap before
{Heap before GC invocations=2 (full 0):
 garbage-first heap   total 129024K, used 43888K [0x0000000080000000, 0x0000000100000000)
  region size 1024K, 38 young (38912K), 10 survivors (10240K)
 Metaspace       used 20707K, capacity 21135K, committed 21248K, reserved 1067008K
  class space    used 2539K, capacity 2710K, committed 2816K, reserved 1048576K
}
Event: 13.751 GC heap after
{Heap after GC invocations=3 (full 0):
 garbage-first heap   total 129024K, used 17449K [0x0000000080000000, 0x0000000100000000)
  region size 1024K, 2 young (2048K), 2 survivors (2048K)
 Metaspace       used 20707K, capacity 21135K, committed 21248K, reserved 1067008K
  class space    used 2539K, capacity 2710K, committed 2816K, reserved 1048576K
}
Event: 31.336 GC heap before
{Heap before GC invocations=4 (full 0):
 garbage-first heap   total 129024K, used 71721K [0x0000000080000000, 0x0000000100000000)
  region size 1024K, 56 young (57344K), 2 survivors (2048K)
 Metaspace       used 26650K, capacity 27201K, committed 27264K, reserved 1073152K
  class space    used 3458K, capacity 3657K, committed 3712K, reserved 1048576K
}
Event: 31.340 GC heap after
{Heap after GC invocations=5 (full 0):
 garbage-first heap   total 129024K, used 19287K [0x0000000080000000, 0x0000000100000000)
  region size 1024K, 3 young (3072K), 3 survivors (3072K)
 Metaspace       used 26650K, capacity 27201K, committed 27264K, reserved 1073152K
  class space    used 3458K, capacity 3657K, committed 3712K, reserved 1048576K
}

